<?xml version="1.0" encoding="UTF-8"?>
<!-- Generated by org.testng.reporters.JUnitReportReporter -->
<testsuite hostname="User-PC" name="assignment_Student.Attempt_test" tests="1" failures="0" timestamp="28 Feb 2017 07:02:32 GMT" time="1428.507" errors="0">
  <testcase name="Exicute" time="1428.507" classname="assignment_Student.Attempt_test"/>
</testsuite> <!-- assignment_Student.Attempt_test -->
