<?xml version="1.0" encoding="UTF-8"?>
<!-- Generated by org.testng.reporters.JUnitReportReporter -->
<testsuite hostname="User-PC" name="Teacher.ValidateGradebook" tests="1" failures="0" timestamp="16 Dec 2016 11:49:59 GMT" time="43.980" errors="0">
  <testcase name="Gradebook" time="43.980" classname="Teacher.ValidateGradebook"/>
</testsuite> <!-- Teacher.ValidateGradebook -->
