<?xml version="1.0" encoding="UTF-8"?>
<!-- Generated by org.testng.reporters.JUnitReportReporter -->
<testsuite hostname="User-PC" name="Common.ChangeSection" tests="40" failures="0" timestamp="16 May 2017 09:28:53 GMT" time="1158.361" errors="0">
  <testcase name="selectSection" time="27.422" classname="Common.ChangeSection"/>
  <testcase name="selectSection" time="37.732" classname="Common.ChangeSection"/>
  <testcase name="selectSection" time="27.029" classname="Common.ChangeSection"/>
  <testcase name="selectSection" time="26.968" classname="Common.ChangeSection"/>
  <testcase name="selectSection" time="27.200" classname="Common.ChangeSection"/>
  <testcase name="selectSection" time="41.518" classname="Common.ChangeSection"/>
  <testcase name="selectSection" time="26.055" classname="Common.ChangeSection"/>
  <testcase name="selectSection" time="27.159" classname="Common.ChangeSection"/>
  <testcase name="selectSection" time="28.795" classname="Common.ChangeSection"/>
  <testcase name="selectSection" time="27.124" classname="Common.ChangeSection"/>
  <testcase name="selectSection" time="27.230" classname="Common.ChangeSection"/>
  <testcase name="selectSection" time="28.454" classname="Common.ChangeSection"/>
  <testcase name="selectSection" time="27.333" classname="Common.ChangeSection"/>
  <testcase name="selectSection" time="26.569" classname="Common.ChangeSection"/>
  <testcase name="selectSection" time="27.830" classname="Common.ChangeSection"/>
  <testcase name="selectSection" time="27.137" classname="Common.ChangeSection"/>
  <testcase name="selectSection" time="45.233" classname="Common.ChangeSection"/>
  <testcase name="selectSection" time="27.056" classname="Common.ChangeSection"/>
  <testcase name="selectSection" time="26.879" classname="Common.ChangeSection"/>
  <testcase name="selectSection" time="27.227" classname="Common.ChangeSection"/>
  <testcase name="selectSection" time="27.200" classname="Common.ChangeSection"/>
  <testcase name="selectSection" time="26.307" classname="Common.ChangeSection"/>
  <testcase name="selectSection" time="26.951" classname="Common.ChangeSection"/>
  <testcase name="selectSection" time="45.244" classname="Common.ChangeSection"/>
  <testcase name="selectSection" time="27.258" classname="Common.ChangeSection"/>
  <testcase name="selectSection" time="26.949" classname="Common.ChangeSection"/>
  <testcase name="selectSection" time="26.867" classname="Common.ChangeSection"/>
  <testcase name="selectSection" time="26.871" classname="Common.ChangeSection"/>
  <testcase name="selectSection" time="2.160" classname="Common.ChangeSection"/>
  <testcase name="selectSection" time="26.704" classname="Common.ChangeSection"/>
  <testcase name="selectSection" time="26.146" classname="Common.ChangeSection"/>
  <testcase name="selectSection" time="45.258" classname="Common.ChangeSection"/>
  <testcase name="selectSection" time="27.386" classname="Common.ChangeSection"/>
  <testcase name="selectSection" time="27.580" classname="Common.ChangeSection"/>
  <testcase name="selectSection" time="26.713" classname="Common.ChangeSection"/>
  <testcase name="selectSection" time="45.211" classname="Common.ChangeSection"/>
  <testcase name="selectSection" time="26.709" classname="Common.ChangeSection"/>
  <testcase name="selectSection" time="27.356" classname="Common.ChangeSection"/>
  <testcase name="selectSection" time="27.576" classname="Common.ChangeSection"/>
  <testcase name="selectSection" time="27.965" classname="Common.ChangeSection"/>
</testsuite> <!-- Common.ChangeSection -->
