<?xml version="1.0" encoding="UTF-8"?>
<!-- Generated by org.testng.reporters.JUnitReportReporter -->
<testsuite hostname="User-PC" name="Tech.ChangeCOattainemntSetting" tests="1" failures="0" timestamp="9 Mar 2017 06:12:57 GMT" time="85.015" errors="0">
  <testcase name="changeOBEsetting" time="85.015" classname="Tech.ChangeCOattainemntSetting"/>
</testsuite> <!-- Tech.ChangeCOattainemntSetting -->
