<?xml version="1.0" encoding="UTF-8"?>
<!-- Generated by org.testng.reporters.JUnitReportReporter -->
<testsuite hostname="User-PC" name="Common.Login" tests="1" failures="0" timestamp="13 Jan 2017 05:46:41 GMT" time="10.098" errors="0">
  <testcase name="LoginD" time="10.098" classname="Common.Login"/>
</testsuite> <!-- Common.Login -->
