<?xml version="1.0" encoding="UTF-8"?>
<!-- Generated by org.testng.reporters.JUnitReportReporter -->
<testsuite hostname="User-PC" name="Teacher.SelectAssignmnetUnderCat" tests="3" failures="0" timestamp="11 Jan 2017 12:23:22 GMT" time="162.841" errors="0">
  <testcase name="exicute" time="55.946" classname="Teacher.SelectAssignmnetUnderCat"/>
  <testcase name="exicute" time="41.730" classname="Teacher.SelectAssignmnetUnderCat"/>
  <testcase name="exicute" time="65.165" classname="Teacher.SelectAssignmnetUnderCat"/>
</testsuite> <!-- Teacher.SelectAssignmnetUnderCat -->
