<?xml version="1.0" encoding="UTF-8"?>
<!-- Generated by org.testng.reporters.JUnitReportReporter -->
<testsuite hostname="User-PC" name="Student.AttemptSurvey" tests="9" failures="0" timestamp="28 Feb 2017 07:02:32 GMT" time="653.641" errors="0">
  <testcase name="SurveyData1" time="73.972" classname="Student.AttemptSurvey"/>
  <testcase name="SurveyData1" time="73.971" classname="Student.AttemptSurvey"/>
  <testcase name="SurveyData1" time="61.489" classname="Student.AttemptSurvey"/>
  <testcase name="SurveyData1" time="73.703" classname="Student.AttemptSurvey"/>
  <testcase name="SurveyData1" time="72.516" classname="Student.AttemptSurvey"/>
  <testcase name="SurveyData1" time="73.046" classname="Student.AttemptSurvey"/>
  <testcase name="SurveyData1" time="75.525" classname="Student.AttemptSurvey"/>
  <testcase name="SurveyData1" time="74.224" classname="Student.AttemptSurvey"/>
  <testcase name="SurveyData1" time="75.195" classname="Student.AttemptSurvey"/>
</testsuite> <!-- Student.AttemptSurvey -->
