<?xml version="1.0" encoding="UTF-8"?>
<!-- Generated by org.testng.reporters.JUnitReportReporter -->
<testsuite hostname="User-PC" name="Teacher.CreateOptionalAssignment" tests="9" failures="0" timestamp="16 May 2017 09:28:53 GMT" time="5639.543" errors="0">
  <testcase name="exicute" time="429.835" classname="Teacher.CreateOptionalAssignment"/>
  <testcase name="exicute" time="1439.795" classname="Teacher.CreateOptionalAssignment"/>
  <testcase name="exicute" time="406.224" classname="Teacher.CreateOptionalAssignment"/>
  <testcase name="exicute" time="204.442" classname="Teacher.CreateOptionalAssignment"/>
  <testcase name="exicute" time="437.636" classname="Teacher.CreateOptionalAssignment"/>
  <testcase name="exicute" time="449.345" classname="Teacher.CreateOptionalAssignment"/>
  <testcase name="exicute" time="224.771" classname="Teacher.CreateOptionalAssignment"/>
  <testcase name="exicute" time="1453.692" classname="Teacher.CreateOptionalAssignment"/>
  <testcase name="exicute" time="593.803" classname="Teacher.CreateOptionalAssignment"/>
</testsuite> <!-- Teacher.CreateOptionalAssignment -->
