<?xml version="1.0" encoding="UTF-8"?>
<!-- Generated by org.testng.reporters.JUnitReportReporter -->
<testsuite hostname="User-PC" name="Com.Ojo.ReadJsonObject" tests="1" failures="0" timestamp="16 May 2017 09:28:53 GMT" time="1.400" errors="0">
  <testcase name="aptTesting" time="1.400" classname="Com.Ojo.ReadJsonObject"/>
</testsuite> <!-- Com.Ojo.ReadJsonObject -->
