<?xml version="1.0" encoding="UTF-8"?>
<!-- Generated by org.testng.reporters.JUnitReportReporter -->
<testsuite hostname="User-PC" name="Teacher.AddQuestionAssignment" tests="1" failures="0" timestamp="29 Apr 2017 12:06:20 GMT" time="85.624" errors="0">
  <testcase name="testAddQuestionAssignment" time="85.624" classname="Teacher.AddQuestionAssignment"/>
</testsuite> <!-- Teacher.AddQuestionAssignment -->
