<?xml version="1.0" encoding="UTF-8"?>
<!-- Generated by org.testng.reporters.JUnitReportReporter -->
<testsuite hostname="User-PC" name="Tech.CreateBlooms" tests="3" failures="0" timestamp="15 May 2017 05:55:53 GMT" time="324.524" errors="0">
  <testcase name="createCO" time="104.082" classname="Tech.CreateBlooms"/>
  <testcase name="createCO" time="115.878" classname="Tech.CreateBlooms"/>
  <testcase name="createCO" time="104.564" classname="Tech.CreateBlooms"/>
</testsuite> <!-- Tech.CreateBlooms -->
