<?xml version="1.0" encoding="UTF-8"?>
<!-- Generated by org.testng.reporters.JUnitReportReporter -->
<testsuite hostname="User-PC" name="Teacher.LessonDisscussionStart" tests="1" failures="0" timestamp="28 Feb 2017 07:02:32 GMT" time="26.449" errors="0">
  <testcase name="StartLessonDiscusion" time="26.449" classname="Teacher.LessonDisscussionStart"/>
</testsuite> <!-- Teacher.LessonDisscussionStart -->
