<?xml version="1.0" encoding="UTF-8"?>
<!-- Generated by org.testng.reporters.JUnitReportReporter -->
<testsuite hostname="User-PC" name="Teacher.SurveyCreation" tests="1" failures="0" timestamp="29 Apr 2017 12:06:20 GMT" time="158.375" errors="0">
  <testcase name="main" time="158.375" classname="Teacher.SurveyCreation"/>
</testsuite> <!-- Teacher.SurveyCreation -->
