<?xml version="1.0" encoding="UTF-8"?>
<!-- Generated by org.testng.reporters.JUnitReportReporter -->
<testsuite hostname="INPOD" name="Common.ChangeSection" tests="1" failures="0" timestamp="12 Aug 2016 12:12:16 GMT" time="1.315" errors="0">
  <testcase name="selectSection" time="1.315" classname="Common.ChangeSection"/>
</testsuite> <!-- Common.ChangeSection -->
