<?xml version="1.0" encoding="UTF-8"?>
<!-- Generated by org.testng.reporters.JUnitReportReporter -->
<testsuite hostname="User-PC" name="Teacher.CreatePodGroup" tests="1" failures="0" timestamp="29 Apr 2017 12:06:20 GMT" time="19.238" errors="0">
  <testcase name="testCreatePodGroup" time="19.238" classname="Teacher.CreatePodGroup"/>
</testsuite> <!-- Teacher.CreatePodGroup -->
