<?xml version="1.0" encoding="UTF-8"?>
<!-- Generated by org.testng.reporters.JUnitReportReporter -->
<testsuite hostname="User-PC" name="Teacher.UploadFile" tests="4" failures="0" timestamp="13 Jan 2017 05:46:41 GMT" time="210.298" errors="0">
  <testcase name="upload_gradebook" time="52.834" classname="Teacher.UploadFile"/>
  <testcase name="upload_gradebook" time="52.078" classname="Teacher.UploadFile"/>
  <testcase name="upload_gradebook" time="52.737" classname="Teacher.UploadFile"/>
  <testcase name="upload_gradebook" time="52.649" classname="Teacher.UploadFile"/>
</testsuite> <!-- Teacher.UploadFile -->
