<?xml version="1.0" encoding="UTF-8"?>
<!-- Generated by org.testng.reporters.JUnitReportReporter -->
<testsuite hostname="User-PC" name="Common.ChangeSection" tests="4" failures="0" timestamp="13 Jan 2017 05:46:41 GMT" time="46.699" errors="0">
  <testcase name="selectSection" time="11.925" classname="Common.ChangeSection"/>
  <testcase name="selectSection" time="11.851" classname="Common.ChangeSection"/>
  <testcase name="selectSection" time="11.058" classname="Common.ChangeSection"/>
  <testcase name="selectSection" time="11.865" classname="Common.ChangeSection"/>
</testsuite> <!-- Common.ChangeSection -->
