<?xml version="1.0" encoding="UTF-8"?>
<!-- Generated by org.testng.reporters.JUnitReportReporter -->
<testsuite hostname="User-PC" name="Teacher.ShareAssignment" tests="3" failures="0" timestamp="11 Jan 2017 12:23:22 GMT" time="197.370" errors="0">
  <testcase name="ShareAssignment" time="50.106" classname="Teacher.ShareAssignment"/>
  <testcase name="ShareAssignment" time="72.646" classname="Teacher.ShareAssignment"/>
  <testcase name="ShareAssignment" time="74.618" classname="Teacher.ShareAssignment"/>
</testsuite> <!-- Teacher.ShareAssignment -->
