<?xml version="1.0" encoding="UTF-8"?>
<!-- Generated by org.testng.reporters.JUnitReportReporter -->
<testsuite hostname="User-PC" name="Teacher.CreateCO" tests="4" failures="0" timestamp="15 May 2017 05:55:52 GMT" time="546.915" errors="0">
  <testcase name="createCO" time="131.240" classname="Teacher.CreateCO"/>
  <testcase name="createCO" time="138.599" classname="Teacher.CreateCO"/>
  <testcase name="createCO" time="138.498" classname="Teacher.CreateCO"/>
  <testcase name="createCO" time="138.578" classname="Teacher.CreateCO"/>
</testsuite> <!-- Teacher.CreateCO -->
