<?xml version="1.0" encoding="UTF-8"?>
<!-- Generated by org.testng.reporters.JUnitReportReporter -->
<testsuite hostname="User-PC" name="Tech.GivePermissionTOTech" tests="1" failures="0" timestamp="15 May 2017 05:55:53 GMT" time="43.377" errors="0">
  <testcase name="give_Permission" time="43.377" classname="Tech.GivePermissionTOTech"/>
</testsuite> <!-- Tech.GivePermissionTOTech -->
