<?xml version="1.0" encoding="UTF-8"?>
<!-- Generated by org.testng.reporters.JUnitReportReporter -->
<testsuite hostname="User-PC" name="Teacher.UploadQB" tests="1" failures="0" timestamp="29 Apr 2017 12:06:20 GMT" time="23.609" errors="0">
  <testcase name="UploadQb" time="23.609" classname="Teacher.UploadQB"/>
</testsuite> <!-- Teacher.UploadQB -->
