<?xml version="1.0" encoding="UTF-8"?>
<!-- Generated by org.testng.reporters.JUnitReportReporter -->
<testsuite hostname="INPOD" name="Common.LaunchApp" tests="1" failures="0" timestamp="12 Aug 2016 12:12:16 GMT" time="37.635" errors="0">
  <testcase name="Execute" time="37.635" classname="Common.LaunchApp"/>
</testsuite> <!-- Common.LaunchApp -->
