<?xml version="1.0" encoding="UTF-8"?>
<!-- Generated by org.testng.reporters.JUnitReportReporter -->
<testsuite hostname="User-PC" name="Teacher.ValidateCreateAssignment" tests="11" failures="0" timestamp="28 Feb 2017 07:02:32 GMT" time="1496.953" errors="0">
  <testcase name="Validate" time="138.240" classname="Teacher.ValidateCreateAssignment"/>
  <testcase name="Validate" time="243.713" classname="Teacher.ValidateCreateAssignment"/>
  <testcase name="Validate" time="243.544" classname="Teacher.ValidateCreateAssignment"/>
  <testcase name="Validate" time="140.481" classname="Teacher.ValidateCreateAssignment"/>
  <testcase name="Validate" time="243.434" classname="Teacher.ValidateCreateAssignment"/>
  <testcase name="Validate" time="143.230" classname="Teacher.ValidateCreateAssignment"/>
  <testcase name="Validate" time="2.275" classname="Teacher.ValidateCreateAssignment"/>
  <testcase name="Validate" time="3.764" classname="Teacher.ValidateCreateAssignment"/>
  <testcase name="Validate" time="242.835" classname="Teacher.ValidateCreateAssignment"/>
  <testcase name="Validate" time="45.595" classname="Teacher.ValidateCreateAssignment"/>
  <testcase name="Validate" time="49.842" classname="Teacher.ValidateCreateAssignment"/>
</testsuite> <!-- Teacher.ValidateCreateAssignment -->
