<?xml version="1.0" encoding="UTF-8"?>
<!-- Generated by org.testng.reporters.JUnitReportReporter -->
<testsuite hostname="User-PC" name="Teacher.AssignmentCreation" tests="4" failures="0" timestamp="15 May 2017 05:55:53 GMT" time="1244.212" errors="0">
  <testcase name="AssignmentCreationDataCreation" time="591.484" classname="Teacher.AssignmentCreation"/>
  <testcase name="AssignmentCreationDataCreation" time="227.907" classname="Teacher.AssignmentCreation"/>
  <testcase name="AssignmentCreationDataCreation" time="260.021" classname="Teacher.AssignmentCreation"/>
  <testcase name="AssignmentCreationDataCreation" time="164.800" classname="Teacher.AssignmentCreation"/>
</testsuite> <!-- Teacher.AssignmentCreation -->
