<?xml version="1.0" encoding="UTF-8"?>
<!-- Generated by org.testng.reporters.JUnitReportReporter -->
<testsuite hostname="User-PC" name="Teacher.CreateEventsNews" tests="6" failures="0" timestamp="28 Feb 2017 07:02:32 GMT" time="512.793" errors="0">
  <testcase name="CreateEventsNewsExe" time="89.223" classname="Teacher.CreateEventsNews"/>
  <testcase name="CreateEventsNewsExe" time="84.197" classname="Teacher.CreateEventsNews"/>
  <testcase name="CreateEventsNewsExe" time="83.389" classname="Teacher.CreateEventsNews"/>
  <testcase name="CreateEventsNewsExe" time="83.456" classname="Teacher.CreateEventsNews"/>
  <testcase name="CreateEventsNewsExe" time="83.143" classname="Teacher.CreateEventsNews"/>
  <testcase name="CreateEventsNewsExe" time="89.385" classname="Teacher.CreateEventsNews"/>
</testsuite> <!-- Teacher.CreateEventsNews -->
