<?xml version="1.0" encoding="UTF-8"?>
<!-- Generated by org.testng.reporters.JUnitReportReporter -->
<testsuite hostname="User-PC" name="Common.LaunchApp" tests="5" failures="0" timestamp="16 May 2017 09:28:53 GMT" time="26.399" errors="0">
  <testcase name="Execute" time="4.240" classname="Common.LaunchApp"/>
  <testcase name="Execute" time="4.055" classname="Common.LaunchApp"/>
  <testcase name="Execute" time="4.184" classname="Common.LaunchApp"/>
  <testcase name="Execute" time="4.532" classname="Common.LaunchApp"/>
  <testcase name="Execute" time="9.388" classname="Common.LaunchApp"/>
</testsuite> <!-- Common.LaunchApp -->
