<?xml version="1.0" encoding="UTF-8"?>
<!-- Generated by org.testng.reporters.JUnitReportReporter -->
<testsuite hostname="User-PC" name="Common.Login" tests="28" failures="0" timestamp="9 Mar 2017 06:12:57 GMT" time="315.779" errors="0">
  <testcase name="LoginD" time="9.549" classname="Common.Login"/>
  <testcase name="LoginD" time="9.735" classname="Common.Login"/>
  <testcase name="LoginD" time="9.853" classname="Common.Login"/>
  <testcase name="LoginD" time="9.316" classname="Common.Login"/>
  <testcase name="LoginD" time="13.905" classname="Common.Login"/>
  <testcase name="LoginD" time="9.732" classname="Common.Login"/>
  <testcase name="LoginD" time="9.756" classname="Common.Login"/>
  <testcase name="LoginD" time="51.812" classname="Common.Login"/>
  <testcase name="LoginD" time="9.287" classname="Common.Login"/>
  <testcase name="LoginD" time="9.404" classname="Common.Login"/>
  <testcase name="LoginD" time="9.443" classname="Common.Login"/>
  <testcase name="LoginD" time="9.834" classname="Common.Login"/>
  <testcase name="LoginD" time="9.464" classname="Common.Login"/>
  <testcase name="LoginD" time="9.830" classname="Common.Login"/>
  <testcase name="LoginD" time="9.285" classname="Common.Login"/>
  <testcase name="LoginD" time="9.516" classname="Common.Login"/>
  <testcase name="LoginD" time="10.118" classname="Common.Login"/>
  <testcase name="LoginD" time="9.455" classname="Common.Login"/>
  <testcase name="LoginD" time="9.744" classname="Common.Login"/>
  <testcase name="LoginD" time="9.746" classname="Common.Login"/>
  <testcase name="LoginD" time="9.959" classname="Common.Login"/>
  <testcase name="LoginD" time="9.666" classname="Common.Login"/>
  <testcase name="LoginD" time="9.838" classname="Common.Login"/>
  <testcase name="LoginD" time="9.418" classname="Common.Login"/>
  <testcase name="LoginD" time="9.746" classname="Common.Login"/>
  <testcase name="LoginD" time="9.485" classname="Common.Login"/>
  <testcase name="LoginD" time="9.313" classname="Common.Login"/>
  <testcase name="LoginD" time="9.570" classname="Common.Login"/>
</testsuite> <!-- Common.Login -->
