<?xml version="1.0" encoding="UTF-8"?>
<!-- Generated by org.testng.reporters.JUnitReportReporter -->
<testsuite hostname="User-PC" name="Teacher.ValidateSharedAssignment" tests="1" failures="0" timestamp="28 Feb 2017 07:02:32 GMT" time="115.031" errors="0">
  <testcase name="ValidateAndCopySahredAssignment" time="115.031" classname="Teacher.ValidateSharedAssignment"/>
</testsuite> <!-- Teacher.ValidateSharedAssignment -->
