<?xml version="1.0" encoding="UTF-8"?>
<!-- Generated by org.testng.reporters.JUnitReportReporter -->
<testsuite hostname="User-PC" name="Teacher.CourseOutcomeReport" tests="1" failures="0" timestamp="16 Dec 2016 11:49:59 GMT" time="38.936" errors="0">
  <testcase name="Gradebook" time="38.936" classname="Teacher.CourseOutcomeReport"/>
</testsuite> <!-- Teacher.CourseOutcomeReport -->
