<?xml version="1.0" encoding="UTF-8"?>
<!-- Generated by org.testng.reporters.JUnitReportReporter -->
<testsuite hostname="User-PC" name="Teacher.ResumitTheAssignment" tests="1" failures="0" timestamp="10 May 2017 10:46:18 GMT" time="36.782" errors="0">
  <testcase name="RResubmit" time="36.782" classname="Teacher.ResumitTheAssignment"/>
</testsuite> <!-- Teacher.ResumitTheAssignment -->
