<?xml version="1.0" encoding="UTF-8"?>
<!-- Generated by org.testng.reporters.JUnitReportReporter -->
<testsuite hostname="User-PC" name="Common.LaunchApp" tests="1" failures="0" timestamp="13 Jan 2017 05:46:41 GMT" time="5.299" errors="0">
  <testcase name="Execute" time="5.299" classname="Common.LaunchApp"/>
</testsuite> <!-- Common.LaunchApp -->
