<?xml version="1.0" encoding="UTF-8"?>
<!-- Generated by org.testng.reporters.JUnitReportReporter -->
<testsuite hostname="User-PC" name="Teacher.Lesson" tests="7" failures="0" timestamp="15 May 2017 05:55:52 GMT" time="518.923" errors="0">
  <testcase name="CreateLesson" time="122.928" classname="Teacher.Lesson"/>
  <testcase name="CreateLesson" time="68.178" classname="Teacher.Lesson"/>
  <testcase name="CreateLesson" time="132.815" classname="Teacher.Lesson"/>
  <testcase name="CreateLesson" time="27.647" classname="Teacher.Lesson"/>
  <testcase name="CreateLesson" time="48.908" classname="Teacher.Lesson"/>
  <testcase name="CreateLesson" time="43.890" classname="Teacher.Lesson"/>
  <testcase name="CreateLesson" time="74.557" classname="Teacher.Lesson"/>
</testsuite> <!-- Teacher.Lesson -->
