<?xml version="1.0" encoding="UTF-8"?>
<!-- Generated by org.testng.reporters.JUnitReportReporter -->
<testsuite hostname="User-PC" name="Common.Gototab" tests="1" failures="0" timestamp="5 May 2017 16:56:05 GMT" time="4.796" errors="0">
  <testcase name="execute" time="4.796" classname="Common.Gototab"/>
</testsuite> <!-- Common.Gototab -->
