<?xml version="1.0" encoding="UTF-8"?>
<!-- Generated by org.testng.reporters.JUnitReportReporter -->
<testsuite hostname="User-PC" name="Teacher.CreateNewCategories" tests="6" failures="0" timestamp="28 Feb 2017 07:02:32 GMT" time="272.799" errors="0">
  <testcase name="CreateCategories" time="47.961" classname="Teacher.CreateNewCategories"/>
  <testcase name="CreateCategories" time="48.159" classname="Teacher.CreateNewCategories"/>
  <testcase name="CreateCategories" time="51.132" classname="Teacher.CreateNewCategories"/>
  <testcase name="CreateCategories" time="48.042" classname="Teacher.CreateNewCategories"/>
  <testcase name="CreateCategories" time="38.780" classname="Teacher.CreateNewCategories"/>
  <testcase name="CreateCategories" time="38.725" classname="Teacher.CreateNewCategories"/>
</testsuite> <!-- Teacher.CreateNewCategories -->
