<?xml version="1.0" encoding="UTF-8"?>
<!-- Generated by org.testng.reporters.JUnitReportReporter -->
<testsuite hostname="User-PC" name="Teacher.CreateNewCategories" tests="3" failures="0" timestamp="11 Jan 2017 12:23:22 GMT" time="142.325" errors="0">
  <testcase name="CreateCategories" time="47.070" classname="Teacher.CreateNewCategories"/>
  <testcase name="CreateCategories" time="47.944" classname="Teacher.CreateNewCategories"/>
  <testcase name="CreateCategories" time="47.311" classname="Teacher.CreateNewCategories"/>
</testsuite> <!-- Teacher.CreateNewCategories -->
