<?xml version="1.0" encoding="UTF-8"?>
<!-- Generated by org.testng.reporters.JUnitReportReporter -->
<testsuite hostname="User-PC" name="assignment_Student.Attempt_test" tests="1" failures="0" timestamp="29 Apr 2017 12:06:20 GMT" time="3180.821" errors="0">
  <testcase name="Exicute" time="3180.821" classname="assignment_Student.Attempt_test"/>
</testsuite> <!-- assignment_Student.Attempt_test -->
