<?xml version="1.0" encoding="UTF-8"?>
<!-- Generated by org.testng.reporters.JUnitReportReporter -->
<testsuite hostname="User-PC" name="Teacher.CreateAssignmentFromQB" tests="1" failures="0" timestamp="11 Jan 2017 12:23:22 GMT" time="110.104" errors="0">
  <testcase name="CreateAssignmentQB" time="110.104" classname="Teacher.CreateAssignmentFromQB"/>
</testsuite> <!-- Teacher.CreateAssignmentFromQB -->
