<?xml version="1.0" encoding="UTF-8"?>
<!-- Generated by org.testng.reporters.JUnitReportReporter -->
<testsuite hostname="User-PC" name="OtherUser.CreateNewInstitute" tests="1" failures="0" timestamp="15 May 2017 05:55:52 GMT" time="17.020" errors="0">
  <testcase name="CreateNewInstituteByCsv" time="17.020" classname="OtherUser.CreateNewInstitute"/>
</testsuite> <!-- OtherUser.CreateNewInstitute -->
