<?xml version="1.0" encoding="UTF-8"?>
<!-- Generated by org.testng.reporters.JUnitReportReporter -->
<testsuite hostname="User-PC" name="Common.CloseBroser" tests="4" failures="0" timestamp="16 May 2017 09:28:53 GMT" time="4.891" errors="0">
  <testcase name="quit1" time="1.186" classname="Common.CloseBroser"/>
  <testcase name="quit1" time="1.217" classname="Common.CloseBroser"/>
  <testcase name="quit1" time="1.305" classname="Common.CloseBroser"/>
  <testcase name="quit1" time="1.183" classname="Common.CloseBroser"/>
</testsuite> <!-- Common.CloseBroser -->
