<?xml version="1.0" encoding="UTF-8"?>
<!-- Generated by org.testng.reporters.JUnitReportReporter -->
<testsuite hostname="User-PC" name="Teacher.SurveyCreation" tests="1" failures="0" timestamp="28 Feb 2017 07:02:32 GMT" time="150.274" errors="0">
  <testcase name="main" time="150.274" classname="Teacher.SurveyCreation"/>
</testsuite> <!-- Teacher.SurveyCreation -->
