<?xml version="1.0" encoding="UTF-8"?>
<!-- Generated by org.testng.reporters.JUnitReportReporter -->
<testsuite hostname="User-PC" name="Teacher.Lesson" tests="7" failures="2" timestamp="11 Jan 2017 12:23:22 GMT" time="2200.305" errors="0">
  <testcase name="CreateLesson" time="68.005" classname="Teacher.Lesson"/>
  <testcase name="CreateLesson" time="1544.082" classname="Teacher.Lesson">
    <failure type="java.lang.AssertionError" message="Not able to create the lesson Upload_txt">
      <![CDATA[java.lang.AssertionError: Not able to create the lesson Upload_txt
	at org.testng.Assert.fail(Assert.java:94)
	at Teacher.Lesson.CreateLesson(Lesson.java:142)
	at sun.reflect.NativeMethodAccessorImpl.invoke0(Native Method)
	at sun.reflect.NativeMethodAccessorImpl.invoke(Unknown Source)
	at sun.reflect.DelegatingMethodAccessorImpl.invoke(Unknown Source)
	at java.lang.reflect.Method.invoke(Unknown Source)
	at org.testng.internal.MethodInvocationHelper.invokeMethod(MethodInvocationHelper.java:86)
	at org.testng.internal.Invoker.invokeMethod(Invoker.java:646)
	at org.testng.internal.Invoker.invokeTestMethod(Invoker.java:823)
	at org.testng.internal.Invoker.invokeTestMethods(Invoker.java:1131)
	at org.testng.internal.TestMethodWorker.invokeTestMethods(TestMethodWorker.java:129)
	at org.testng.internal.TestMethodWorker.run(TestMethodWorker.java:112)
	at java.util.concurrent.ThreadPoolExecutor.runWorker(Unknown Source)
	at java.util.concurrent.ThreadPoolExecutor$Worker.run(Unknown Source)
	at java.lang.Thread.run(Unknown Source)
]]>
    </failure>
  </testcase> <!-- CreateLesson -->
  <testcase name="CreateLesson" time="46.964" classname="Teacher.Lesson"/>
  <testcase name="CreateLesson" time="331.401" classname="Teacher.Lesson">
    <failure type="java.lang.AssertionError" message="Not able to create the lesson Upload_Video">
      <![CDATA[java.lang.AssertionError: Not able to create the lesson Upload_Video
	at org.testng.Assert.fail(Assert.java:94)
	at Teacher.Lesson.CreateLesson(Lesson.java:142)
	at sun.reflect.NativeMethodAccessorImpl.invoke0(Native Method)
	at sun.reflect.NativeMethodAccessorImpl.invoke(Unknown Source)
	at sun.reflect.DelegatingMethodAccessorImpl.invoke(Unknown Source)
	at java.lang.reflect.Method.invoke(Unknown Source)
	at org.testng.internal.MethodInvocationHelper.invokeMethod(MethodInvocationHelper.java:86)
	at org.testng.internal.Invoker.invokeMethod(Invoker.java:646)
	at org.testng.internal.Invoker.invokeTestMethod(Invoker.java:823)
	at org.testng.internal.Invoker.invokeTestMethods(Invoker.java:1131)
	at org.testng.internal.TestMethodWorker.invokeTestMethods(TestMethodWorker.java:129)
	at org.testng.internal.TestMethodWorker.run(TestMethodWorker.java:112)
	at java.util.concurrent.ThreadPoolExecutor.runWorker(Unknown Source)
	at java.util.concurrent.ThreadPoolExecutor$Worker.run(Unknown Source)
	at java.lang.Thread.run(Unknown Source)
]]>
    </failure>
  </testcase> <!-- CreateLesson -->
  <testcase name="CreateLesson" time="114.998" classname="Teacher.Lesson"/>
  <testcase name="CreateLesson" time="61.994" classname="Teacher.Lesson"/>
  <testcase name="CreateLesson" time="32.861" classname="Teacher.Lesson"/>
</testsuite> <!-- Teacher.Lesson -->
