<?xml version="1.0" encoding="UTF-8"?>
<!-- Generated by org.testng.reporters.JUnitReportReporter -->
<testsuite hostname="User-PC" name="Teacher.Sharelesson" tests="3" failures="0" timestamp="11 Jan 2017 12:23:22 GMT" time="220.434" errors="0">
  <testcase name="ShareLesson" time="76.570" classname="Teacher.Sharelesson"/>
  <testcase name="ShareLesson" time="67.056" classname="Teacher.Sharelesson"/>
  <testcase name="ShareLesson" time="76.808" classname="Teacher.Sharelesson"/>
</testsuite> <!-- Teacher.Sharelesson -->
