<?xml version="1.0" encoding="UTF-8"?>
<!-- Generated by org.testng.reporters.JUnitReportReporter -->
<testsuite hostname="User-PC" name="Teacher.CreatePodGroup" tests="1" failures="0" timestamp="11 Jan 2017 12:23:22 GMT" time="14.792" errors="0">
  <testcase name="testCreatePodGroup" time="14.792" classname="Teacher.CreatePodGroup"/>
</testsuite> <!-- Teacher.CreatePodGroup -->
