<?xml version="1.0" encoding="UTF-8"?>
<!-- Generated by org.testng.reporters.JUnitReportReporter -->
<testsuite hostname="User-PC" name="Teacher.CreateEventsNews" tests="6" failures="0" timestamp="29 Apr 2017 12:06:20 GMT" time="532.022" errors="0">
  <testcase name="CreateEventsNewsExe" time="85.136" classname="Teacher.CreateEventsNews"/>
  <testcase name="CreateEventsNewsExe" time="85.896" classname="Teacher.CreateEventsNews"/>
  <testcase name="CreateEventsNewsExe" time="92.082" classname="Teacher.CreateEventsNews"/>
  <testcase name="CreateEventsNewsExe" time="86.218" classname="Teacher.CreateEventsNews"/>
  <testcase name="CreateEventsNewsExe" time="91.477" classname="Teacher.CreateEventsNews"/>
  <testcase name="CreateEventsNewsExe" time="91.213" classname="Teacher.CreateEventsNews"/>
</testsuite> <!-- Teacher.CreateEventsNews -->
