<?xml version="1.0" encoding="UTF-8"?>
<!-- Generated by org.testng.reporters.JUnitReportReporter -->
<testsuite hostname="User-PC" name="Teacher.ValidateCreateAssignment" tests="11" failures="0" timestamp="29 Apr 2017 12:06:20 GMT" time="1514.169" errors="0">
  <testcase name="Validate" time="63.886" classname="Teacher.ValidateCreateAssignment"/>
  <testcase name="Validate" time="175.559" classname="Teacher.ValidateCreateAssignment"/>
  <testcase name="Validate" time="169.338" classname="Teacher.ValidateCreateAssignment"/>
  <testcase name="Validate" time="8.022" classname="Teacher.ValidateCreateAssignment"/>
  <testcase name="Validate" time="60.642" classname="Teacher.ValidateCreateAssignment"/>
  <testcase name="Validate" time="247.172" classname="Teacher.ValidateCreateAssignment"/>
  <testcase name="Validate" time="171.239" classname="Teacher.ValidateCreateAssignment"/>
  <testcase name="Validate" time="9.737" classname="Teacher.ValidateCreateAssignment"/>
  <testcase name="Validate" time="247.768" classname="Teacher.ValidateCreateAssignment"/>
  <testcase name="Validate" time="265.176" classname="Teacher.ValidateCreateAssignment"/>
  <testcase name="Validate" time="95.630" classname="Teacher.ValidateCreateAssignment"/>
</testsuite> <!-- Teacher.ValidateCreateAssignment -->
