<?xml version="1.0" encoding="UTF-8"?>
<!-- Generated by org.testng.reporters.JUnitReportReporter -->
<testsuite hostname="User-PC" name="Teacher.CreateEventsNews" tests="6" failures="0" timestamp="11 Jan 2017 12:23:22 GMT" time="515.111" errors="0">
  <testcase name="CreateEventsNewsExe" time="83.569" classname="Teacher.CreateEventsNews"/>
  <testcase name="CreateEventsNewsExe" time="83.896" classname="Teacher.CreateEventsNews"/>
  <testcase name="CreateEventsNewsExe" time="89.867" classname="Teacher.CreateEventsNews"/>
  <testcase name="CreateEventsNewsExe" time="89.720" classname="Teacher.CreateEventsNews"/>
  <testcase name="CreateEventsNewsExe" time="84.086" classname="Teacher.CreateEventsNews"/>
  <testcase name="CreateEventsNewsExe" time="83.973" classname="Teacher.CreateEventsNews"/>
</testsuite> <!-- Teacher.CreateEventsNews -->
