<?xml version="1.0" encoding="UTF-8"?>
<!-- Generated by org.testng.reporters.JUnitReportReporter -->
<testsuite hostname="User-PC" name="Teacher.SelectAssignmnetUnderCat" tests="3" failures="0" timestamp="29 Apr 2017 12:06:20 GMT" time="219.048" errors="0">
  <testcase name="exicute" time="66.889" classname="Teacher.SelectAssignmnetUnderCat"/>
  <testcase name="exicute" time="67.543" classname="Teacher.SelectAssignmnetUnderCat"/>
  <testcase name="exicute" time="84.616" classname="Teacher.SelectAssignmnetUnderCat"/>
</testsuite> <!-- Teacher.SelectAssignmnetUnderCat -->
