<?xml version="1.0" encoding="UTF-8"?>
<!-- Generated by org.testng.reporters.JUnitReportReporter -->
<testsuite hostname="User-PC" name="Teacher.CreateAssignmentFromQB" tests="1" failures="0" timestamp="9 Mar 2017 06:12:57 GMT" time="110.878" errors="0">
  <testcase name="CreateAssignmentQB" time="110.878" classname="Teacher.CreateAssignmentFromQB"/>
</testsuite> <!-- Teacher.CreateAssignmentFromQB -->
