<?xml version="1.0" encoding="UTF-8"?>
<!-- Generated by org.testng.reporters.JUnitReportReporter -->
<testsuite hostname="User-PC" name="Tech.TechChangeSection" tests="6" failures="0" timestamp="16 May 2017 09:28:53 GMT" time="41.846" errors="3">
  <testcase name="TechChangeSection" time="0.000" classname="Tech.TechChangeSection">
    <error type="org.testng.TestNGException" message="
Parameter &#039;TestData&#039; is required by @Test on method TechChangeSection but has not been marked @Optional or defined
in D:\Xml_to_Run\AssignmentOptional.xml">
      <![CDATA[org.testng.TestNGException: 
Parameter 'TestData' is required by @Test on method TechChangeSection but has not been marked @Optional or defined
in D:\Xml_to_Run\AssignmentOptional.xml
	at org.testng.internal.Parameters.createParameters(Parameters.java:154)
	at org.testng.internal.Parameters.createParameters(Parameters.java:361)
	at org.testng.internal.Parameters.handleParameters(Parameters.java:451)
	at org.testng.internal.Invoker.handleParameters(Invoker.java:1243)
	at org.testng.internal.Invoker.createParameters(Invoker.java:992)
	at org.testng.internal.Invoker.invokeTestMethods(Invoker.java:1082)
	at org.testng.internal.TestMethodWorker.invokeTestMethods(TestMethodWorker.java:129)
	at org.testng.internal.TestMethodWorker.run(TestMethodWorker.java:112)
	at java.util.concurrent.ThreadPoolExecutor.runWorker(Unknown Source)
	at java.util.concurrent.ThreadPoolExecutor$Worker.run(Unknown Source)
	at java.lang.Thread.run(Unknown Source)
]]>
    </error>
  </testcase> <!-- TechChangeSection -->
  <testcase name="TechChangeSection" time="0.000" classname="Tech.TechChangeSection">
    <error type="org.testng.TestNGException" message="
Parameter &#039;TestData&#039; is required by @Test on method TechChangeSection but has not been marked @Optional or defined
in D:\Xml_to_Run\OptQuestionMarksUpload.xml">
      <![CDATA[org.testng.TestNGException: 
Parameter 'TestData' is required by @Test on method TechChangeSection but has not been marked @Optional or defined
in D:\Xml_to_Run\OptQuestionMarksUpload.xml
	at org.testng.internal.Parameters.createParameters(Parameters.java:154)
	at org.testng.internal.Parameters.createParameters(Parameters.java:361)
	at org.testng.internal.Parameters.handleParameters(Parameters.java:451)
	at org.testng.internal.Invoker.handleParameters(Invoker.java:1243)
	at org.testng.internal.Invoker.createParameters(Invoker.java:992)
	at org.testng.internal.Invoker.invokeTestMethods(Invoker.java:1082)
	at org.testng.internal.TestMethodWorker.invokeTestMethods(TestMethodWorker.java:129)
	at org.testng.internal.TestMethodWorker.run(TestMethodWorker.java:112)
	at java.util.concurrent.ThreadPoolExecutor.runWorker(Unknown Source)
	at java.util.concurrent.ThreadPoolExecutor$Worker.run(Unknown Source)
	at java.lang.Thread.run(Unknown Source)
]]>
    </error>
  </testcase> <!-- TechChangeSection -->
  <testcase name="TechChangeSectionById" time="12.007" classname="Tech.TechChangeSection"/>
  <testcase name="TechChangeSection" time="0.000" classname="Tech.TechChangeSection">
    <error type="org.testng.TestNGException" message="
Parameter &#039;TestData&#039; is required by @Test on method TechChangeSection but has not been marked @Optional or defined
in D:\Xml_to_Run\OptQuestionMarksUpload.xml">
      <![CDATA[org.testng.TestNGException: 
Parameter 'TestData' is required by @Test on method TechChangeSection but has not been marked @Optional or defined
in D:\Xml_to_Run\OptQuestionMarksUpload.xml
	at org.testng.internal.Parameters.createParameters(Parameters.java:154)
	at org.testng.internal.Parameters.createParameters(Parameters.java:361)
	at org.testng.internal.Parameters.handleParameters(Parameters.java:451)
	at org.testng.internal.Invoker.handleParameters(Invoker.java:1243)
	at org.testng.internal.Invoker.createParameters(Invoker.java:992)
	at org.testng.internal.Invoker.invokeTestMethods(Invoker.java:1082)
	at org.testng.internal.TestMethodWorker.invokeTestMethods(TestMethodWorker.java:129)
	at org.testng.internal.TestMethodWorker.run(TestMethodWorker.java:112)
	at java.util.concurrent.ThreadPoolExecutor.runWorker(Unknown Source)
	at java.util.concurrent.ThreadPoolExecutor$Worker.run(Unknown Source)
	at java.lang.Thread.run(Unknown Source)
]]>
    </error>
  </testcase> <!-- TechChangeSection -->
  <testcase name="TechChangeSectionById" time="16.061" classname="Tech.TechChangeSection"/>
  <testcase name="TechChangeSectionById" time="13.778" classname="Tech.TechChangeSection"/>
</testsuite> <!-- Tech.TechChangeSection -->
