<?xml version="1.0" encoding="UTF-8"?>
<!-- Generated by org.testng.reporters.JUnitReportReporter -->
<testsuite hostname="User-PC" name="Teacher.ValidateSharedLesson" tests="1" failures="0" timestamp="28 Feb 2017 07:02:32 GMT" time="157.572" errors="0">
  <testcase name="ValidateAndCopySahredLesson" time="157.572" classname="Teacher.ValidateSharedLesson"/>
</testsuite> <!-- Teacher.ValidateSharedLesson -->
