<?xml version="1.0" encoding="UTF-8"?>
<!-- Generated by org.testng.reporters.JUnitReportReporter -->
<testsuite hostname="User-PC" name="Teacher.CreateNewCategories" tests="6" failures="0" timestamp="29 Apr 2017 12:06:20 GMT" time="475.797" errors="0">
  <testcase name="CreateCategories" time="88.182" classname="Teacher.CreateNewCategories"/>
  <testcase name="CreateCategories" time="86.044" classname="Teacher.CreateNewCategories"/>
  <testcase name="CreateCategories" time="65.658" classname="Teacher.CreateNewCategories"/>
  <testcase name="CreateCategories" time="65.618" classname="Teacher.CreateNewCategories"/>
  <testcase name="CreateCategories" time="86.822" classname="Teacher.CreateNewCategories"/>
  <testcase name="CreateCategories" time="83.473" classname="Teacher.CreateNewCategories"/>
</testsuite> <!-- Teacher.CreateNewCategories -->
