<?xml version="1.0" encoding="UTF-8"?>
<!-- Generated by org.testng.reporters.JUnitReportReporter -->
<testsuite hostname="User-PC" name="Com.Ojo.ReadJsonObject" tests="5" failures="0" timestamp="9 Mar 2017 06:12:57 GMT" time="5.524" errors="0">
  <testcase name="aptTesting" time="0.271" classname="Com.Ojo.ReadJsonObject"/>
  <testcase name="aptTesting" time="0.337" classname="Com.Ojo.ReadJsonObject"/>
  <testcase name="aptTesting" time="2.247" classname="Com.Ojo.ReadJsonObject"/>
  <testcase name="aptTesting" time="0.397" classname="Com.Ojo.ReadJsonObject"/>
  <testcase name="aptTesting" time="2.272" classname="Com.Ojo.ReadJsonObject"/>
</testsuite> <!-- Com.Ojo.ReadJsonObject -->
