<?xml version="1.0" encoding="UTF-8"?>
<!-- Generated by org.testng.reporters.JUnitReportReporter -->
<testsuite hostname="User-PC" name="Teacher.SurveyCreation" tests="1" failures="0" timestamp="11 Jan 2017 12:23:22 GMT" time="150.373" errors="0">
  <testcase name="main" time="150.373" classname="Teacher.SurveyCreation"/>
</testsuite> <!-- Teacher.SurveyCreation -->
