<?xml version="1.0" encoding="UTF-8"?>
<!-- Generated by org.testng.reporters.JUnitReportReporter -->
<testsuite hostname="User-PC" name="Common.LaunchApp" tests="28" failures="0" timestamp="9 Mar 2017 06:12:57 GMT" time="154.546" errors="0">
  <testcase name="Execute" time="5.144" classname="Common.LaunchApp"/>
  <testcase name="Execute" time="4.689" classname="Common.LaunchApp"/>
  <testcase name="Execute" time="4.813" classname="Common.LaunchApp"/>
  <testcase name="Execute" time="4.711" classname="Common.LaunchApp"/>
  <testcase name="Execute" time="4.823" classname="Common.LaunchApp"/>
  <testcase name="Execute" time="4.814" classname="Common.LaunchApp"/>
  <testcase name="Execute" time="4.755" classname="Common.LaunchApp"/>
  <testcase name="Execute" time="4.691" classname="Common.LaunchApp"/>
  <testcase name="Execute" time="4.960" classname="Common.LaunchApp"/>
  <testcase name="Execute" time="4.858" classname="Common.LaunchApp"/>
  <testcase name="Execute" time="4.938" classname="Common.LaunchApp"/>
  <testcase name="Execute" time="6.647" classname="Common.LaunchApp"/>
  <testcase name="Execute" time="4.951" classname="Common.LaunchApp"/>
  <testcase name="Execute" time="4.806" classname="Common.LaunchApp"/>
  <testcase name="Execute" time="4.739" classname="Common.LaunchApp"/>
  <testcase name="Execute" time="19.807" classname="Common.LaunchApp"/>
  <testcase name="Execute" time="4.644" classname="Common.LaunchApp"/>
  <testcase name="Execute" time="4.868" classname="Common.LaunchApp"/>
  <testcase name="Execute" time="4.818" classname="Common.LaunchApp"/>
  <testcase name="Execute" time="5.009" classname="Common.LaunchApp"/>
  <testcase name="Execute" time="4.793" classname="Common.LaunchApp"/>
  <testcase name="Execute" time="7.278" classname="Common.LaunchApp"/>
  <testcase name="Execute" time="4.872" classname="Common.LaunchApp"/>
  <testcase name="Execute" time="4.879" classname="Common.LaunchApp"/>
  <testcase name="Execute" time="4.757" classname="Common.LaunchApp"/>
  <testcase name="Execute" time="4.909" classname="Common.LaunchApp"/>
  <testcase name="Execute" time="4.805" classname="Common.LaunchApp"/>
  <testcase name="Execute" time="4.768" classname="Common.LaunchApp"/>
</testsuite> <!-- Common.LaunchApp -->
