<?xml version="1.0" encoding="UTF-8"?>
<!-- Generated by org.testng.reporters.JUnitReportReporter -->
<testsuite hostname="User-PC" name="Teacher.CreateRubric" tests="1" failures="0" timestamp="11 Jan 2017 12:23:22 GMT" time="22.364" errors="0">
  <testcase name="CreateRubric" time="22.364" classname="Teacher.CreateRubric"/>
</testsuite> <!-- Teacher.CreateRubric -->
