<?xml version="1.0" encoding="UTF-8"?>
<!-- Generated by org.testng.reporters.JUnitReportReporter -->
<testsuite hostname="User-PC" name="Teacher.AssignmentCreation" tests="15" failures="0" timestamp="11 Jan 2017 12:23:22 GMT" time="2120.400" errors="0">
  <testcase name="AssignmentCreationDataCreation" time="50.861" classname="Teacher.AssignmentCreation"/>
  <testcase name="AssignmentCreationDataCreation" time="96.760" classname="Teacher.AssignmentCreation"/>
  <testcase name="AssignmentCreationDataCreation" time="85.809" classname="Teacher.AssignmentCreation"/>
  <testcase name="AssignmentCreationDataCreation" time="94.122" classname="Teacher.AssignmentCreation"/>
  <testcase name="AssignmentCreationDataCreation" time="164.097" classname="Teacher.AssignmentCreation"/>
  <testcase name="AssignmentCreationDataCreation" time="263.109" classname="Teacher.AssignmentCreation"/>
  <testcase name="AssignmentCreationDataCreation" time="208.839" classname="Teacher.AssignmentCreation"/>
  <testcase name="AssignmentCreationDataCreation" time="86.058" classname="Teacher.AssignmentCreation"/>
  <testcase name="AssignmentCreationDataCreation" time="102.265" classname="Teacher.AssignmentCreation"/>
  <testcase name="AssignmentCreationDataCreation" time="146.565" classname="Teacher.AssignmentCreation"/>
  <testcase name="AssignmentCreationDataCreation" time="138.316" classname="Teacher.AssignmentCreation"/>
  <testcase name="AssignmentCreationDataCreation" time="205.262" classname="Teacher.AssignmentCreation"/>
  <testcase name="AssignmentCreationDataCreation" time="61.334" classname="Teacher.AssignmentCreation"/>
  <testcase name="AssignmentCreationDataCreation" time="109.595" classname="Teacher.AssignmentCreation"/>
  <testcase name="AssignmentCreationDataCreation" time="307.408" classname="Teacher.AssignmentCreation"/>
</testsuite> <!-- Teacher.AssignmentCreation -->
