<?xml version="1.0" encoding="UTF-8"?>
<!-- Generated by org.testng.reporters.JUnitReportReporter -->
<testsuite hostname="User-PC" name="Tech.ChangePolicy" tests="7" failures="0" timestamp="16 May 2017 09:28:53 GMT" time="256.270" errors="0">
  <testcase name="ChangePolicyByName" time="34.929" classname="Tech.ChangePolicy"/>
  <testcase name="ChangePolicyByName" time="34.808" classname="Tech.ChangePolicy"/>
  <testcase name="ChangePolicyByName" time="37.913" classname="Tech.ChangePolicy"/>
  <testcase name="ChangePolicyByName" time="39.585" classname="Tech.ChangePolicy"/>
  <testcase name="ChangePolicyByName" time="34.835" classname="Tech.ChangePolicy"/>
  <testcase name="ChangePolicyByName" time="38.355" classname="Tech.ChangePolicy"/>
  <testcase name="ChangePolicyByName" time="35.845" classname="Tech.ChangePolicy"/>
</testsuite> <!-- Tech.ChangePolicy -->
