<?xml version="1.0" encoding="UTF-8"?>
<!-- Generated by org.testng.reporters.JUnitReportReporter -->
<testsuite hostname="User-PC" name="Common.ValidateAndSnap" tests="3" failures="0" timestamp="5 May 2017 16:56:05 GMT" time="16.715" errors="0">
  <testcase name="ValidateStringYes" time="5.597" classname="Common.ValidateAndSnap"/>
  <testcase name="ValidateStringYes" time="5.660" classname="Common.ValidateAndSnap"/>
  <testcase name="ValidateStringYes" time="5.458" classname="Common.ValidateAndSnap"/>
</testsuite> <!-- Common.ValidateAndSnap -->
