<?xml version="1.0" encoding="UTF-8"?>
<!-- Generated by org.testng.reporters.JUnitReportReporter -->
<testsuite hostname="INPOD" name="StudentAPI.News" tests="1" failures="0" timestamp="9 Jun 2016 16:59:28 GMT" time="0.002" errors="0">
  <testcase name="TestngCompair" time="0.002" classname="StudentAPI.News"/>
</testsuite> <!-- StudentAPI.News -->
