<?xml version="1.0" encoding="UTF-8"?>
<!-- Generated by org.testng.reporters.JUnitReportReporter -->
<testsuite hostname="User-PC" name="Data.Read_Data" tests="2" failures="0" timestamp="16 May 2017 09:28:53 GMT" time="0.005" errors="0">
  <testcase name="SetINputDatapath" time="0.000" classname="Data.Read_Data"/>
  <testcase name="SetINputDatapath" time="0.005" classname="Data.Read_Data"/>
</testsuite> <!-- Data.Read_Data -->
