<?xml version="1.0" encoding="UTF-8"?>
<!-- Generated by org.testng.reporters.JUnitReportReporter -->
<testsuite hostname="User-PC" name="Teacher.UploadQB" tests="1" failures="0" timestamp="28 Feb 2017 07:02:32 GMT" time="21.710" errors="0">
  <testcase name="UploadQb" time="21.710" classname="Teacher.UploadQB"/>
</testsuite> <!-- Teacher.UploadQB -->
