<?xml version="1.0" encoding="UTF-8"?>
<!-- Generated by org.testng.reporters.JUnitReportReporter -->
<testsuite hostname="User-PC" name="Teacher.AnswerForLessonDisscussion" tests="1" failures="0" timestamp="29 Apr 2017 12:06:20 GMT" time="40.209" errors="0">
  <testcase name="StartLessonDiscusion" time="40.209" classname="Teacher.AnswerForLessonDisscussion"/>
</testsuite> <!-- Teacher.AnswerForLessonDisscussion -->
