<?xml version="1.0" encoding="UTF-8"?>
<!-- Generated by org.testng.reporters.JUnitReportReporter -->
<testsuite hostname="User-PC" name="Teacher.ValidateSharedAssignment" tests="1" failures="0" timestamp="11 Jan 2017 12:23:22 GMT" time="114.246" errors="0">
  <testcase name="ValidateAndCopySahredAssignment" time="114.246" classname="Teacher.ValidateSharedAssignment"/>
</testsuite> <!-- Teacher.ValidateSharedAssignment -->
