<?xml version="1.0" encoding="UTF-8"?>
<!-- Generated by org.testng.reporters.JUnitReportReporter -->
<testsuite hostname="User-PC" name="Common.ChangeSection" tests="24" failures="0" timestamp="9 Mar 2017 06:12:57 GMT" time="947.911" errors="0">
  <testcase name="selectSection" time="21.038" classname="Common.ChangeSection"/>
  <testcase name="selectSection" time="42.178" classname="Common.ChangeSection"/>
  <testcase name="selectSection" time="42.585" classname="Common.ChangeSection"/>
  <testcase name="selectSection" time="21.106" classname="Common.ChangeSection"/>
  <testcase name="selectSection" time="42.450" classname="Common.ChangeSection"/>
  <testcase name="selectSection" time="42.135" classname="Common.ChangeSection"/>
  <testcase name="selectSection" time="41.156" classname="Common.ChangeSection"/>
  <testcase name="selectSection" time="21.062" classname="Common.ChangeSection"/>
  <testcase name="selectSection" time="21.130" classname="Common.ChangeSection"/>
  <testcase name="selectSection" time="41.069" classname="Common.ChangeSection"/>
  <testcase name="selectSection" time="43.167" classname="Common.ChangeSection"/>
  <testcase name="selectSection" time="41.153" classname="Common.ChangeSection"/>
  <testcase name="selectSection" time="41.075" classname="Common.ChangeSection"/>
  <testcase name="selectSection" time="68.130" classname="Common.ChangeSection"/>
  <testcase name="selectSection" time="41.232" classname="Common.ChangeSection"/>
  <testcase name="selectSection" time="42.449" classname="Common.ChangeSection"/>
  <testcase name="selectSection" time="63.441" classname="Common.ChangeSection"/>
  <testcase name="selectSection" time="42.856" classname="Common.ChangeSection"/>
  <testcase name="selectSection" time="41.986" classname="Common.ChangeSection"/>
  <testcase name="selectSection" time="41.850" classname="Common.ChangeSection"/>
  <testcase name="selectSection" time="21.152" classname="Common.ChangeSection"/>
  <testcase name="selectSection" time="41.110" classname="Common.ChangeSection"/>
  <testcase name="selectSection" time="41.134" classname="Common.ChangeSection"/>
  <testcase name="selectSection" time="41.267" classname="Common.ChangeSection"/>
</testsuite> <!-- Common.ChangeSection -->
