<?xml version="1.0" encoding="UTF-8"?>
<!-- Generated by org.testng.reporters.JUnitReportReporter -->
<testsuite hostname="INPOD" name="Teacher.GradeAssignment" tests="2" failures="0" timestamp="10 Aug 2016 11:21:49 GMT" time="4.320" errors="2">
  <testcase name="GradeStudent" time="2.171" classname="Teacher.GradeAssignment">
    <error type="java.lang.NullPointerException">
      <![CDATA[java.lang.NullPointerException
	at javax.imageio.ImageIO.write(Unknown Source)
	at Data.ExceptionHndeler.getScreen(ExceptionHndeler.java:42)
	at Data.ExceptionHndeler.Log(ExceptionHndeler.java:28)
	at Teacher.GradeAssignment.GradeAssignment(GradeAssignment.java:66)
	at Teacher.GradeAssignment.GradeStudent(GradeAssignment.java:36)
	at sun.reflect.NativeMethodAccessorImpl.invoke0(Native Method)
	at sun.reflect.NativeMethodAccessorImpl.invoke(Unknown Source)
	at sun.reflect.DelegatingMethodAccessorImpl.invoke(Unknown Source)
	at java.lang.reflect.Method.invoke(Unknown Source)
	at org.testng.internal.MethodInvocationHelper.invokeMethod(MethodInvocationHelper.java:86)
	at org.testng.internal.Invoker.invokeMethod(Invoker.java:646)
	at org.testng.internal.Invoker.invokeTestMethod(Invoker.java:823)
	at org.testng.internal.Invoker.invokeTestMethods(Invoker.java:1131)
	at org.testng.internal.TestMethodWorker.invokeTestMethods(TestMethodWorker.java:129)
	at org.testng.internal.TestMethodWorker.run(TestMethodWorker.java:112)
	at java.util.concurrent.ThreadPoolExecutor.runWorker(Unknown Source)
	at java.util.concurrent.ThreadPoolExecutor$Worker.run(Unknown Source)
	at java.lang.Thread.run(Unknown Source)
]]>
    </error>
  </testcase> <!-- GradeStudent -->
  <testcase name="GradeStudent" time="2.149" classname="Teacher.GradeAssignment">
    <error type="java.lang.NullPointerException">
      <![CDATA[java.lang.NullPointerException
	at javax.imageio.ImageIO.write(Unknown Source)
	at Data.ExceptionHndeler.getScreen(ExceptionHndeler.java:42)
	at Data.ExceptionHndeler.Log(ExceptionHndeler.java:28)
	at Teacher.GradeAssignment.GradeAssignment(GradeAssignment.java:66)
	at Teacher.GradeAssignment.GradeStudent(GradeAssignment.java:36)
	at sun.reflect.NativeMethodAccessorImpl.invoke0(Native Method)
	at sun.reflect.NativeMethodAccessorImpl.invoke(Unknown Source)
	at sun.reflect.DelegatingMethodAccessorImpl.invoke(Unknown Source)
	at java.lang.reflect.Method.invoke(Unknown Source)
	at org.testng.internal.MethodInvocationHelper.invokeMethod(MethodInvocationHelper.java:86)
	at org.testng.internal.Invoker.invokeMethod(Invoker.java:646)
	at org.testng.internal.Invoker.invokeTestMethod(Invoker.java:823)
	at org.testng.internal.Invoker.invokeTestMethods(Invoker.java:1131)
	at org.testng.internal.TestMethodWorker.invokeTestMethods(TestMethodWorker.java:129)
	at org.testng.internal.TestMethodWorker.run(TestMethodWorker.java:112)
	at java.util.concurrent.ThreadPoolExecutor.runWorker(Unknown Source)
	at java.util.concurrent.ThreadPoolExecutor$Worker.run(Unknown Source)
	at java.lang.Thread.run(Unknown Source)
]]>
    </error>
  </testcase> <!-- GradeStudent -->
</testsuite> <!-- Teacher.GradeAssignment -->
