<?xml version="1.0" encoding="UTF-8"?>
<!-- Generated by org.testng.reporters.JUnitReportReporter -->
<testsuite hostname="User-PC" name="Teacher.ShareAssignment" tests="3" failures="0" timestamp="28 Feb 2017 07:02:32 GMT" time="195.731" errors="0">
  <testcase name="ShareAssignment" time="73.767" classname="Teacher.ShareAssignment"/>
  <testcase name="ShareAssignment" time="49.861" classname="Teacher.ShareAssignment"/>
  <testcase name="ShareAssignment" time="72.103" classname="Teacher.ShareAssignment"/>
</testsuite> <!-- Teacher.ShareAssignment -->
