<?xml version="1.0" encoding="UTF-8"?>
<!-- Generated by org.testng.reporters.JUnitReportReporter -->
<testsuite hostname="User-PC" name="Student.AttemptSurvey" tests="9" failures="0" timestamp="11 Jan 2017 12:23:22 GMT" time="607.892" errors="0">
  <testcase name="SurveyData1" time="72.608" classname="Student.AttemptSurvey"/>
  <testcase name="SurveyData1" time="72.824" classname="Student.AttemptSurvey"/>
  <testcase name="SurveyData1" time="72.968" classname="Student.AttemptSurvey"/>
  <testcase name="SurveyData1" time="72.441" classname="Student.AttemptSurvey"/>
  <testcase name="SurveyData1" time="45.995" classname="Student.AttemptSurvey"/>
  <testcase name="SurveyData1" time="45.769" classname="Student.AttemptSurvey"/>
  <testcase name="SurveyData1" time="89.957" classname="Student.AttemptSurvey"/>
  <testcase name="SurveyData1" time="45.478" classname="Student.AttemptSurvey"/>
  <testcase name="SurveyData1" time="89.852" classname="Student.AttemptSurvey"/>
</testsuite> <!-- Student.AttemptSurvey -->
