<?xml version="1.0" encoding="UTF-8"?>
<!-- Generated by org.testng.reporters.JUnitReportReporter -->
<testsuite hostname="User-PC" name="Teacher.Sharelesson" tests="3" failures="0" timestamp="28 Feb 2017 07:02:32 GMT" time="219.552" errors="0">
  <testcase name="ShareLesson" time="76.142" classname="Teacher.Sharelesson"/>
  <testcase name="ShareLesson" time="67.112" classname="Teacher.Sharelesson"/>
  <testcase name="ShareLesson" time="76.298" classname="Teacher.Sharelesson"/>
</testsuite> <!-- Teacher.Sharelesson -->
