<?xml version="1.0" encoding="UTF-8"?>
<!-- Generated by org.testng.reporters.JUnitReportReporter -->
<testsuite hostname="User-PC" name="Teacher.AnswerForLessonDisscussion" tests="1" failures="0" timestamp="28 Feb 2017 07:02:32 GMT" time="38.103" errors="0">
  <testcase name="StartLessonDiscusion" time="38.103" classname="Teacher.AnswerForLessonDisscussion"/>
</testsuite> <!-- Teacher.AnswerForLessonDisscussion -->
