<?xml version="1.0" encoding="UTF-8"?>
<!-- Generated by org.testng.reporters.JUnitReportReporter -->
<testsuite hostname="User-PC" name="Teacher.LessonDisscussionStart" tests="1" failures="0" timestamp="11 Jan 2017 12:23:22 GMT" time="28.963" errors="0">
  <testcase name="StartLessonDiscusion" time="28.963" classname="Teacher.LessonDisscussionStart"/>
</testsuite> <!-- Teacher.LessonDisscussionStart -->
