<?xml version="1.0" encoding="UTF-8"?>
<!-- Generated by org.testng.reporters.JUnitReportReporter -->
<testsuite hostname="User-PC" name="Teacher.GradeAssignment" tests="1" failures="0" timestamp="10 May 2017 09:14:15 GMT" time="91.742" errors="0">
  <testcase name="GradeStudent" time="91.742" classname="Teacher.GradeAssignment"/>
</testsuite> <!-- Teacher.GradeAssignment -->
