<?xml version="1.0" encoding="UTF-8"?>
<!-- Generated by org.testng.reporters.JUnitReportReporter -->
<testsuite hostname="INPOD" name="Teacher.UploadQB" tests="1" failures="1" timestamp="12 Aug 2016 12:12:16 GMT" time="1.329" errors="0">
  <testcase name="UploadQb" time="1.329" classname="Teacher.UploadQB">
    <failure type="java.lang.AssertionError" message="Unable TO create QB">
      <![CDATA[java.lang.AssertionError: Unable TO create QB
	at org.testng.Assert.fail(Assert.java:94)
	at Teacher.UploadQB.UploadQb(UploadQB.java:62)
	at sun.reflect.NativeMethodAccessorImpl.invoke0(Native Method)
	at sun.reflect.NativeMethodAccessorImpl.invoke(Unknown Source)
	at sun.reflect.DelegatingMethodAccessorImpl.invoke(Unknown Source)
	at java.lang.reflect.Method.invoke(Unknown Source)
	at org.testng.internal.MethodInvocationHelper.invokeMethod(MethodInvocationHelper.java:86)
	at org.testng.internal.Invoker.invokeMethod(Invoker.java:646)
	at org.testng.internal.Invoker.invokeTestMethod(Invoker.java:823)
	at org.testng.internal.Invoker.invokeTestMethods(Invoker.java:1131)
	at org.testng.internal.TestMethodWorker.invokeTestMethods(TestMethodWorker.java:129)
	at org.testng.internal.TestMethodWorker.run(TestMethodWorker.java:112)
	at java.util.concurrent.ThreadPoolExecutor.runWorker(Unknown Source)
	at java.util.concurrent.ThreadPoolExecutor$Worker.run(Unknown Source)
	at java.lang.Thread.run(Unknown Source)
]]>
    </failure>
  </testcase> <!-- UploadQb -->
</testsuite> <!-- Teacher.UploadQB -->
