<?xml version="1.0" encoding="UTF-8"?>
<!-- Generated by org.testng.reporters.JUnitReportReporter -->
<testsuite hostname="User-PC" name="Teacher.ValidateSharedLesson" tests="1" failures="0" timestamp="11 Jan 2017 12:23:22 GMT" time="157.762" errors="0">
  <testcase name="ValidateAndCopySahredLesson" time="157.762" classname="Teacher.ValidateSharedLesson"/>
</testsuite> <!-- Teacher.ValidateSharedLesson -->
