<?xml version="1.0" encoding="UTF-8"?>
<!-- Generated by org.testng.reporters.JUnitReportReporter -->
<testsuite hostname="User-PC" name="Common.Clickevent" tests="1" failures="0" timestamp="5 May 2017 16:56:05 GMT" time="1.036" errors="0">
  <testcase name="clickLinkByHref" time="1.036" classname="Common.Clickevent"/>
</testsuite> <!-- Common.Clickevent -->
