<?xml version="1.0" encoding="UTF-8"?>
<!-- Generated by org.testng.reporters.JUnitReportReporter -->
<testsuite hostname="INPOD" name="Common.Login" tests="1" failures="0" timestamp="12 Aug 2016 12:12:16 GMT" time="13.409" errors="0">
  <testcase name="LoginD" time="13.409" classname="Common.Login"/>
</testsuite> <!-- Common.Login -->
