<?xml version="1.0" encoding="UTF-8"?>
<!-- Generated by org.testng.reporters.JUnitReportReporter -->
<testsuite hostname="User-PC" name="Tech.CopyCourseWithCO" tests="1" failures="0" timestamp="5 May 2017 16:56:05 GMT" time="84.193" errors="0">
  <testcase name="CopyCourse" time="84.193" classname="Tech.CopyCourseWithCO"/>
</testsuite> <!-- Tech.CopyCourseWithCO -->
