<?xml version="1.0" encoding="UTF-8"?>
<!-- Generated by org.testng.reporters.JUnitReportReporter -->
<testsuite hostname="User-PC" name="Teacher.CreateRubric" tests="1" failures="0" timestamp="15 May 2017 05:55:52 GMT" time="66.746" errors="0">
  <testcase name="CreateRubric" time="66.746" classname="Teacher.CreateRubric"/>
</testsuite> <!-- Teacher.CreateRubric -->
