<?xml version="1.0" encoding="UTF-8"?>
<!-- Generated by org.testng.reporters.JUnitReportReporter -->
<testsuite hostname="User-PC" name="Teacher.CreatePodGroup" tests="1" failures="0" timestamp="28 Feb 2017 07:02:32 GMT" time="13.882" errors="0">
  <testcase name="testCreatePodGroup" time="13.882" classname="Teacher.CreatePodGroup"/>
</testsuite> <!-- Teacher.CreatePodGroup -->
