<?xml version="1.0" encoding="UTF-8"?>
<!-- Generated by org.testng.reporters.JUnitReportReporter -->
<testsuite hostname="User-PC" name="Com.Ojo.ReadJsonObject" tests="1" failures="0" timestamp="13 Jan 2017 05:46:41 GMT" time="0.443" errors="0">
  <testcase name="aptTesting" time="0.443" classname="Com.Ojo.ReadJsonObject"/>
</testsuite> <!-- Com.Ojo.ReadJsonObject -->
