<?xml version="1.0" encoding="UTF-8"?>
<!-- Generated by org.testng.reporters.JUnitReportReporter -->
<testsuite hostname="User-PC" name="Tech.ChangeCOattainemntSetting" tests="1" failures="0" timestamp="10 Jan 2017 16:10:39 GMT" time="675.264" errors="0">
  <testcase name="exicute" time="675.264" classname="Tech.ChangeCOattainemntSetting"/>
</testsuite> <!-- Tech.ChangeCOattainemntSetting -->
