<?xml version="1.0" encoding="UTF-8"?>
<!-- Generated by org.testng.reporters.JUnitReportReporter -->
<testsuite hostname="User-PC" name="Tech.UploadSectionCSV" tests="1" failures="0" timestamp="15 May 2017 05:55:52 GMT" time="33.897" errors="0">
  <testcase name="CreateSectionCSV" time="33.897" classname="Tech.UploadSectionCSV"/>
</testsuite> <!-- Tech.UploadSectionCSV -->
