<?xml version="1.0" encoding="UTF-8"?>
<!-- Generated by org.testng.reporters.JUnitReportReporter -->
<testsuite hostname="User-PC" name="Common.CloseBroser" tests="23" failures="0" timestamp="9 Mar 2017 06:12:57 GMT" time="27.093" errors="0">
  <testcase name="quit1" time="1.167" classname="Common.CloseBroser"/>
  <testcase name="quit1" time="1.141" classname="Common.CloseBroser"/>
  <testcase name="quit1" time="1.155" classname="Common.CloseBroser"/>
  <testcase name="quit1" time="1.215" classname="Common.CloseBroser"/>
  <testcase name="quit1" time="1.150" classname="Common.CloseBroser"/>
  <testcase name="quit1" time="1.147" classname="Common.CloseBroser"/>
  <testcase name="quit1" time="1.230" classname="Common.CloseBroser"/>
  <testcase name="quit1" time="1.138" classname="Common.CloseBroser"/>
  <testcase name="quit1" time="1.151" classname="Common.CloseBroser"/>
  <testcase name="quit1" time="1.207" classname="Common.CloseBroser"/>
  <testcase name="quit1" time="1.152" classname="Common.CloseBroser"/>
  <testcase name="quit1" time="1.273" classname="Common.CloseBroser"/>
  <testcase name="quit1" time="1.161" classname="Common.CloseBroser"/>
  <testcase name="quit1" time="1.143" classname="Common.CloseBroser"/>
  <testcase name="quit1" time="1.213" classname="Common.CloseBroser"/>
  <testcase name="quit1" time="1.208" classname="Common.CloseBroser"/>
  <testcase name="quit1" time="1.166" classname="Common.CloseBroser"/>
  <testcase name="quit1" time="1.195" classname="Common.CloseBroser"/>
  <testcase name="quit1" time="1.215" classname="Common.CloseBroser"/>
  <testcase name="quit1" time="1.213" classname="Common.CloseBroser"/>
  <testcase name="quit1" time="1.146" classname="Common.CloseBroser"/>
  <testcase name="quit1" time="1.157" classname="Common.CloseBroser"/>
  <testcase name="quit1" time="1.150" classname="Common.CloseBroser"/>
</testsuite> <!-- Common.CloseBroser -->
