<?xml version="1.0" encoding="UTF-8"?>
<!-- Generated by org.testng.reporters.JUnitReportReporter -->
<testsuite hostname="INPOD" name="Teacher.GradeAssignment" tests="1" failures="0" timestamp="8 Nov 2016 08:52:40 GMT" time="308.565" errors="0">
  <testcase name="GradeStudent" time="308.565" classname="Teacher.GradeAssignment"/>
</testsuite> <!-- Teacher.GradeAssignment -->
