<?xml version="1.0" encoding="UTF-8"?>
<!-- Generated by org.testng.reporters.JUnitReportReporter -->
<testsuite hostname="INPOD" name="Teacher.Lesson" tests="7" failures="0" timestamp="12 Aug 2016 12:12:16 GMT" time="23.093" errors="0">
  <testcase name="CreateLesson" time="1.121" classname="Teacher.Lesson"/>
  <testcase name="CreateLesson" time="1.089" classname="Teacher.Lesson"/>
  <testcase name="CreateLesson" time="16.499" classname="Teacher.Lesson"/>
  <testcase name="CreateLesson" time="1.082" classname="Teacher.Lesson"/>
  <testcase name="CreateLesson" time="1.099" classname="Teacher.Lesson"/>
  <testcase name="CreateLesson" time="1.113" classname="Teacher.Lesson"/>
  <testcase name="CreateLesson" time="1.090" classname="Teacher.Lesson"/>
</testsuite> <!-- Teacher.Lesson -->
