<?xml version="1.0" encoding="UTF-8"?>
<!-- Generated by org.testng.reporters.JUnitReportReporter -->
<testsuite hostname="INPOD" name="Teacher.CreateRubric" tests="1" failures="0" timestamp="12 Aug 2016 12:12:16 GMT" time="1.005" errors="0">
  <testcase name="CreateRubric" time="1.005" classname="Teacher.CreateRubric"/>
</testsuite> <!-- Teacher.CreateRubric -->
