<?xml version="1.0" encoding="UTF-8"?>
<!-- Generated by org.testng.reporters.JUnitReportReporter -->
<testsuite hostname="User-PC" name="Common.Login" tests="5" failures="0" timestamp="16 May 2017 09:28:53 GMT" time="68.825" errors="0">
  <testcase name="LoginD" time="13.591" classname="Common.Login"/>
  <testcase name="LoginD" time="13.529" classname="Common.Login"/>
  <testcase name="LoginD" time="13.933" classname="Common.Login"/>
  <testcase name="LoginD" time="14.066" classname="Common.Login"/>
  <testcase name="LoginD" time="13.706" classname="Common.Login"/>
</testsuite> <!-- Common.Login -->
