<?xml version="1.0" encoding="UTF-8"?>
<!-- Generated by org.testng.reporters.JUnitReportReporter -->
<testsuite hostname="User-PC" name="Teacher.SelectAssignmnetUnderCat" tests="3" failures="0" timestamp="28 Feb 2017 07:02:32 GMT" time="165.229" errors="0">
  <testcase name="exicute" time="66.004" classname="Teacher.SelectAssignmnetUnderCat"/>
  <testcase name="exicute" time="42.290" classname="Teacher.SelectAssignmnetUnderCat"/>
  <testcase name="exicute" time="56.935" classname="Teacher.SelectAssignmnetUnderCat"/>
</testsuite> <!-- Teacher.SelectAssignmnetUnderCat -->
