<?xml version="1.0" encoding="UTF-8"?>
<!-- Generated by org.testng.reporters.JUnitReportReporter -->
<testsuite hostname="User-PC" name="Teacher.UploadFile" tests="5" failures="0" timestamp="9 Mar 2017 06:12:57 GMT" time="310.134" errors="0">
  <testcase name="upload_gradebook" time="64.195" classname="Teacher.UploadFile"/>
  <testcase name="upload_gradebook" time="59.140" classname="Teacher.UploadFile"/>
  <testcase name="upload_gradebook" time="58.833" classname="Teacher.UploadFile"/>
  <testcase name="upload_gradebook" time="64.468" classname="Teacher.UploadFile"/>
  <testcase name="upload_gradebook" time="63.498" classname="Teacher.UploadFile"/>
</testsuite> <!-- Teacher.UploadFile -->
