<?xml version="1.0" encoding="UTF-8"?>
<!-- Generated by org.testng.reporters.JUnitReportReporter -->
<testsuite hostname="User-PC" name="Teacher.UploadQB" tests="1" failures="0" timestamp="11 Jan 2017 12:23:22 GMT" time="20.703" errors="0">
  <testcase name="UploadQb" time="20.703" classname="Teacher.UploadQB"/>
</testsuite> <!-- Teacher.UploadQB -->
