<?xml version="1.0" encoding="UTF-8"?>
<!-- Generated by org.testng.reporters.JUnitReportReporter -->
<testsuite hostname="User-PC" name="Tech.ResetPasswordByAdmin" tests="1" failures="0" timestamp="15 May 2017 05:55:52 GMT" time="6.033" errors="0">
  <testcase name="changePassword" time="6.033" classname="Tech.ResetPasswordByAdmin"/>
</testsuite> <!-- Tech.ResetPasswordByAdmin -->
