<?xml version="1.0" encoding="UTF-8"?>
<!-- Generated by org.testng.reporters.JUnitReportReporter -->
<testsuite hostname="User-PC" name="Teacher.CreateRubric" tests="3" failures="0" timestamp="9 Mar 2017 06:12:57 GMT" time="193.899" errors="0">
  <testcase name="CreateRubric" time="65.225" classname="Teacher.CreateRubric"/>
  <testcase name="CreateRubric" time="64.400" classname="Teacher.CreateRubric"/>
  <testcase name="CreateRubric" time="64.274" classname="Teacher.CreateRubric"/>
</testsuite> <!-- Teacher.CreateRubric -->
