<?xml version="1.0" encoding="UTF-8"?>
<!-- Generated by org.testng.reporters.JUnitReportReporter -->
<testsuite hostname="User-PC" name="Tech.CreatePO" tests="4" failures="0" timestamp="15 May 2017 05:55:52 GMT" time="514.260" errors="0">
  <testcase name="createCO" time="129.429" classname="Tech.CreatePO"/>
  <testcase name="createCO" time="129.746" classname="Tech.CreatePO"/>
  <testcase name="createCO" time="125.378" classname="Tech.CreatePO"/>
  <testcase name="createCO" time="129.707" classname="Tech.CreatePO"/>
</testsuite> <!-- Tech.CreatePO -->
