<?xml version="1.0" encoding="UTF-8"?>
<!-- Generated by org.testng.reporters.JUnitReportReporter -->
<testsuite hostname="User-PC" name="Tech.ChangeCOattainemntSetting" tests="1" failures="0" timestamp="5 May 2017 16:56:05 GMT" time="85.627" errors="0">
  <testcase name="changeOBEsetting" time="85.627" classname="Tech.ChangeCOattainemntSetting"/>
</testsuite> <!-- Tech.ChangeCOattainemntSetting -->
