<?xml version="1.0" encoding="UTF-8"?>
<!-- Generated by org.testng.reporters.JUnitReportReporter -->
<testsuite hostname="User-PC" name="Teacher.BloomsTaxonomyReport" tests="1" failures="0" timestamp="16 Dec 2016 11:49:59 GMT" time="30.187" errors="0">
  <testcase name="Gradebook" time="30.187" classname="Teacher.BloomsTaxonomyReport"/>
</testsuite> <!-- Teacher.BloomsTaxonomyReport -->
